<?xml version="1.0" encoding="UTF-8"?>
<!-- Generated by org.testng.reporters.JUnitXMLReporter -->
<testsuite ignored="0" hostname="DESKTOP-BN906IK" failures="0" tests="8" name="Casos de prueba" time="63.277" errors="0" timestamp="27 jul. 2022 19:01:10 GMT">
  <testcase classname="tests.Tests" name="CP001_Login_Fallido" time="6.043"/>
  <testcase classname="tests.Tests2" name="CP003_Agregar_Direccion" time="6.89"/>
  <testcase classname="tests.Tests3" name="CP002_Login_Exitoso" time="5.67"/>
  <testcase classname="tests.Tests4" name="CP004_Creacion_Cuenta" time="0.0"/>
  <testcase classname="tests.Tests5" name="CP005_Correo_Registrado" time="6.359"/>
  <testcase classname="tests.Tests6" name="CP006_Vaciar_Carrito" time="8.659"/>
  <testcase classname="tests.Tests7" name="CP007_Anadir_Carrito" time="6.469"/>
  <testcase classname="tests.Tests8" name="CP008_Venta" time="7.43"/>
</testsuite> <!-- Casos de prueba -->
